<?xml version="1.0" encoding="UTF-8"?>
<testng-results skipped="0" failed="0" total="1" passed="1">
  <reporter-output>
  </reporter-output>
  <suite name="Default suite" duration-ms="49" started-at="2015-03-09T14:44:22Z" finished-at="2015-03-09T14:44:22Z">
    <groups>
    </groups>
    <test name="Default test" duration-ms="49" started-at="2015-03-09T14:44:22Z" finished-at="2015-03-09T14:44:22Z">
      <class name="hashCodeAndEquals.ContaTest">
        <test-method status="PASS" signature="insere_e_remove_contas()[pri:0, instance:hashCodeAndEquals.ContaTest@4a3e91e7]" name="insere_e_remove_contas" duration-ms="28" started-at="2015-03-09T11:44:22Z" finished-at="2015-03-09T11:44:22Z">
          <reporter-output>
          </reporter-output>
        </test-method> <!-- insere_e_remove_contas -->
      </class> <!-- hashCodeAndEquals.ContaTest -->
    </test> <!-- Default test -->
  </suite> <!-- Default suite -->
</testng-results>
